[ 13.804] send SETTINGS frame <length=12, flags=0x00, stream_id=0>
          (niv=2)
          [SETTINGS_MAX_CONCURRENT_STREAMS(0x03):100]
          [SETTINGS_INITIAL_WINDOW_SIZE(0x04):65535]
[ 13.804] recv SETTINGS frame <length=12, flags=0x00, stream_id=0>
          (niv=2)
          [SETTINGS_INITIAL_WINDOW_SIZE(0x04):131072]
          [SETTINGS_MAX_FRAME_SIZE(0x05):16384]
[ 13.804] recv WINDOW_UPDATE frame <length=4, flags=0x00, stream_id=0>
          (window_size_increment=268369921)
[ 13.804] recv PRIORITY frame <length=5, flags=0x00, stream_id=3>
          (dep_stream_id=0, weight=201, exclusive=0)
[ 13.804] recv PRIORITY frame <length=5, flags=0x00, stream_id=5>
          (dep_stream_id=0, weight=101, exclusive=0)
[ 13.804] recv PRIORITY frame <length=5, flags=0x00, stream_id=7>
          (dep_stream_id=0, weight=1, exclusive=0)
[ 13.804] recv PRIORITY frame <length=5, flags=0x00, stream_id=9>
          (dep_stream_id=7, weight=1, exclusive=0)
[ 13.804] recv PRIORITY frame <length=5, flags=0x00, stream_id=11>
          (dep_stream_id=3, weight=1, exclusive=0)
[ 13.804] recv (stream_id=13) :method: GET
[ 13.804] recv (stream_id=13) :path: /test.html
[ 13.804] recv (stream_id=13) :authority: blog.summerwind.jp
[ 13.804] recv (stream_id=13) :scheme: https
[ 13.804] recv (stream_id=13) user-agent: Mozilla/5.0 (Macintosh; Intel Mac OS X 10.10; rv:38.0) Gecko/20100101 Firefox/38.0
[ 13.804] recv (stream_id=13) accept: text/html,application/xhtml+xml,application/xml;q=0.9,*/*;q=0.8
[ 13.804] recv (stream_id=13) accept-language: en-US,en;q=0.5
[ 13.804] recv (stream_id=13) accept-encoding: gzip, deflate
[ 13.804] recv HEADERS frame <length=159, flags=0x25, stream_id=13>
          ; END_STREAM | END_HEADERS | PRIORITY
          (padlen=0, dep_stream_id=11, weight=32, exclusive=0)
          ; Open new stream
[ 13.804] recv WINDOW_UPDATE frame <length=4, flags=0x00, stream_id=13>
          (window_size_increment=268304384)
[ 13.805] send SETTINGS frame <length=0, flags=0x01, stream_id=0>
          ; ACK
          (niv=0)
[ 13.805] send HEADERS frame <length=113, flags=0x04, stream_id=13>
          ; END_HEADERS
          (padlen=0)
          ; First response header
          :status: 200
          date: Sun, 17 May 2015 13:39:09 GMT
          content-type: text/html
          content-length: 934
          last-modified: Tue, 05 May 2015 12:32:31 GMT
          etag: "5548b85f-3a6"
          accept-ranges: bytes
          server: nghttpx nghttp2/1.0.0
          via: 1.1 nghttpx
[ 13.805] send DATA frame <length=934, flags=0x01, stream_id=13>
          ; END_STREAM
[ 13.890] recv SETTINGS frame <length=0, flags=0x01, stream_id=0>
          ; ACK
          (niv=0)
[ 13.946] recv (stream_id=15) :method: GET
[ 13.946] recv (stream_id=15) :path: /tests/1.css
[ 13.946] recv (stream_id=15) :authority: blog.summerwind.jp
[ 13.946] recv (stream_id=15) :scheme: https
[ 13.946] recv (stream_id=15) user-agent: Mozilla/5.0 (Macintosh; Intel Mac OS X 10.10; rv:38.0) Gecko/20100101 Firefox/38.0
[ 13.946] recv (stream_id=15) accept: text/css,*/*;q=0.1
[ 13.946] recv (stream_id=15) accept-language: en-US,en;q=0.5
[ 13.946] recv (stream_id=15) accept-encoding: gzip, deflate
[ 13.946] recv (stream_id=15) referer: https://blog.summerwind.jp/test.html
[ 13.946] recv HEADERS frame <length=66, flags=0x25, stream_id=15>
          ; END_STREAM | END_HEADERS | PRIORITY
          (padlen=0, dep_stream_id=3, weight=32, exclusive=0)
          ; Open new stream
[ 13.946] recv WINDOW_UPDATE frame <length=4, flags=0x00, stream_id=15>
          (window_size_increment=268304384)
[ 13.946] recv (stream_id=17) :method: GET
[ 13.946] recv (stream_id=17) :path: /tests/2.css
[ 13.946] recv (stream_id=17) :authority: blog.summerwind.jp
[ 13.946] recv (stream_id=17) :scheme: https
[ 13.947] recv (stream_id=17) user-agent: Mozilla/5.0 (Macintosh; Intel Mac OS X 10.10; rv:38.0) Gecko/20100101 Firefox/38.0
[ 13.948] recv (stream_id=17) accept: text/css,*/*;q=0.1
[ 13.948] recv (stream_id=17) accept-language: en-US,en;q=0.5
[ 13.948] recv (stream_id=17) accept-encoding: gzip, deflate
[ 13.948] recv (stream_id=17) referer: https://blog.summerwind.jp/test.html
[ 13.948] recv HEADERS frame <length=23, flags=0x25, stream_id=17>
          ; END_STREAM | END_HEADERS | PRIORITY
          (padlen=0, dep_stream_id=3, weight=32, exclusive=0)
          ; Open new stream
[ 13.948] recv WINDOW_UPDATE frame <length=4, flags=0x00, stream_id=17>
          (window_size_increment=268304384)
[ 13.948] recv (stream_id=19) :method: GET
[ 13.948] recv (stream_id=19) :path: /tests/3.css
[ 13.948] recv (stream_id=19) :authority: blog.summerwind.jp
[ 13.948] recv (stream_id=19) :scheme: https
[ 13.948] recv (stream_id=19) user-agent: Mozilla/5.0 (Macintosh; Intel Mac OS X 10.10; rv:38.0) Gecko/20100101 Firefox/38.0
[ 13.948] recv (stream_id=19) accept: text/css,*/*;q=0.1
[ 13.948] recv (stream_id=19) accept-language: en-US,en;q=0.5
[ 13.948] recv (stream_id=19) accept-encoding: gzip, deflate
[ 13.948] recv (stream_id=19) referer: https://blog.summerwind.jp/test.html
[ 13.948] recv HEADERS frame <length=23, flags=0x25, stream_id=19>
          ; END_STREAM | END_HEADERS | PRIORITY
          (padlen=0, dep_stream_id=3, weight=32, exclusive=0)
          ; Open new stream
[ 13.948] recv WINDOW_UPDATE frame <length=4, flags=0x00, stream_id=19>
          (window_size_increment=268304384)
[ 13.948] recv (stream_id=21) :method: GET
[ 13.948] recv (stream_id=21) :path: /tests/1.js
[ 13.948] recv (stream_id=21) :authority: blog.summerwind.jp
[ 13.948] recv (stream_id=21) :scheme: https
[ 13.948] recv (stream_id=21) user-agent: Mozilla/5.0 (Macintosh; Intel Mac OS X 10.10; rv:38.0) Gecko/20100101 Firefox/38.0
[ 13.948] recv (stream_id=21) accept: */*
[ 13.948] recv (stream_id=21) accept-language: en-US,en;q=0.5
[ 13.948] recv (stream_id=21) accept-encoding: gzip, deflate
[ 13.948] recv (stream_id=21) referer: https://blog.summerwind.jp/test.html
[ 13.948] recv HEADERS frame <length=28, flags=0x25, stream_id=21>
          ; END_STREAM | END_HEADERS | PRIORITY
          (padlen=0, dep_stream_id=3, weight=32, exclusive=0)
          ; Open new stream
[ 13.948] recv WINDOW_UPDATE frame <length=4, flags=0x00, stream_id=21>
          (window_size_increment=268304384)
[ 13.948] recv (stream_id=23) :method: GET
[ 13.948] recv (stream_id=23) :path: /tests/2.js
[ 13.948] recv (stream_id=23) :authority: blog.summerwind.jp
[ 13.948] recv (stream_id=23) :scheme: https
[ 13.948] recv (stream_id=23) user-agent: Mozilla/5.0 (Macintosh; Intel Mac OS X 10.10; rv:38.0) Gecko/20100101 Firefox/38.0
[ 13.948] recv (stream_id=23) accept: */*
[ 13.948] recv (stream_id=23) accept-language: en-US,en;q=0.5
[ 13.948] recv (stream_id=23) accept-encoding: gzip, deflate
[ 13.948] recv (stream_id=23) referer: https://blog.summerwind.jp/test.html
[ 13.948] recv HEADERS frame <length=23, flags=0x25, stream_id=23>
          ; END_STREAM | END_HEADERS | PRIORITY
          (padlen=0, dep_stream_id=3, weight=32, exclusive=0)
          ; Open new stream
[ 13.948] recv WINDOW_UPDATE frame <length=4, flags=0x00, stream_id=23>
          (window_size_increment=268304384)
[ 13.948] recv (stream_id=25) :method: GET
[ 13.948] recv (stream_id=25) :path: /tests/3.js
[ 13.948] recv (stream_id=25) :authority: blog.summerwind.jp
[ 13.948] recv (stream_id=25) :scheme: https
[ 13.948] recv (stream_id=25) user-agent: Mozilla/5.0 (Macintosh; Intel Mac OS X 10.10; rv:38.0) Gecko/20100101 Firefox/38.0
[ 13.948] recv (stream_id=25) accept: */*
[ 13.948] recv (stream_id=25) accept-language: en-US,en;q=0.5
[ 13.949] recv (stream_id=25) accept-encoding: gzip, deflate
[ 13.949] recv (stream_id=25) referer: https://blog.summerwind.jp/test.html
[ 13.949] recv HEADERS frame <length=23, flags=0x25, stream_id=25>
          ; END_STREAM | END_HEADERS | PRIORITY
          (padlen=0, dep_stream_id=3, weight=32, exclusive=0)
          ; Open new stream
[ 13.949] recv WINDOW_UPDATE frame <length=4, flags=0x00, stream_id=25>
          (window_size_increment=268304384)
[ 13.949] recv (stream_id=27) :method: GET
[ 13.949] recv (stream_id=27) :path: /assets/images/cheetah.jpeg
[ 13.949] recv (stream_id=27) :authority: blog.summerwind.jp
[ 13.949] recv (stream_id=27) :scheme: https
[ 13.949] recv (stream_id=27) user-agent: Mozilla/5.0 (Macintosh; Intel Mac OS X 10.10; rv:38.0) Gecko/20100101 Firefox/38.0
[ 13.949] recv (stream_id=27) accept: image/png,image/*;q=0.8,*/*;q=0.5
[ 13.949] recv (stream_id=27) accept-language: en-US,en;q=0.5
[ 13.953] recv (stream_id=27) accept-encoding: gzip, deflate
[ 13.953] recv (stream_id=27) referer: https://blog.summerwind.jp/test.html
[ 13.954] recv HEADERS frame <length=62, flags=0x25, stream_id=27>
          ; END_STREAM | END_HEADERS | PRIORITY
          (padlen=0, dep_stream_id=11, weight=22, exclusive=0)
          ; Open new stream
[ 13.954] recv WINDOW_UPDATE frame <length=4, flags=0x00, stream_id=27>
          (window_size_increment=268304384)
[ 13.954] recv (stream_id=29) :method: GET
[ 13.954] recv (stream_id=29) :path: /assets/images/san-fran.jpeg
[ 13.954] recv (stream_id=29) :authority: blog.summerwind.jp
[ 13.954] recv (stream_id=29) :scheme: https
[ 13.954] recv (stream_id=29) user-agent: Mozilla/5.0 (Macintosh; Intel Mac OS X 10.10; rv:38.0) Gecko/20100101 Firefox/38.0
[ 13.954] recv (stream_id=29) accept: image/png,image/*;q=0.8,*/*;q=0.5
[ 13.954] recv (stream_id=29) accept-language: en-US,en;q=0.5
[ 13.954] recv (stream_id=29) accept-encoding: gzip, deflate
[ 13.954] recv (stream_id=29) referer: https://blog.summerwind.jp/test.html
[ 13.954] recv HEADERS frame <length=35, flags=0x25, stream_id=29>
          ; END_STREAM | END_HEADERS | PRIORITY
          (padlen=0, dep_stream_id=11, weight=22, exclusive=0)
          ; Open new stream
[ 13.954] recv WINDOW_UPDATE frame <length=4, flags=0x00, stream_id=29>
          (window_size_increment=268304384)
[ 13.954] recv (stream_id=31) :method: GET
[ 13.954] recv (stream_id=31) :path: /assets/images/tree.jpeg
[ 13.954] recv (stream_id=31) :authority: blog.summerwind.jp
[ 13.954] recv (stream_id=31) :scheme: https
[ 13.954] recv (stream_id=31) user-agent: Mozilla/5.0 (Macintosh; Intel Mac OS X 10.10; rv:38.0) Gecko/20100101 Firefox/38.0
[ 13.954] recv (stream_id=31) accept: image/png,image/*;q=0.8,*/*;q=0.5
[ 13.954] recv (stream_id=31) accept-language: en-US,en;q=0.5
[ 13.954] recv (stream_id=31) accept-encoding: gzip, deflate
[ 13.954] recv (stream_id=31) referer: https://blog.summerwind.jp/test.html
[ 13.954] recv HEADERS frame <length=32, flags=0x25, stream_id=31>
          ; END_STREAM | END_HEADERS | PRIORITY
          (padlen=0, dep_stream_id=11, weight=22, exclusive=0)
          ; Open new stream
[ 13.954] recv WINDOW_UPDATE frame <length=4, flags=0x00, stream_id=31>
          (window_size_increment=268304384)
[ 13.954] recv (stream_id=33) :method: GET
[ 13.954] recv (stream_id=33) :path: /tests/4.js
[ 13.954] recv (stream_id=33) :authority: blog.summerwind.jp
[ 13.954] recv (stream_id=33) :scheme: https
[ 13.954] recv (stream_id=33) user-agent: Mozilla/5.0 (Macintosh; Intel Mac OS X 10.10; rv:38.0) Gecko/20100101 Firefox/38.0
[ 13.954] recv (stream_id=33) accept: */*
[ 13.954] recv (stream_id=33) accept-language: en-US,en;q=0.5
[ 13.954] recv (stream_id=33) accept-encoding: gzip, deflate
[ 13.954] recv (stream_id=33) referer: https://blog.summerwind.jp/test.html
[ 13.954] recv HEADERS frame <length=23, flags=0x25, stream_id=33>
          ; END_STREAM | END_HEADERS | PRIORITY
          (padlen=0, dep_stream_id=5, weight=32, exclusive=0)
          ; Open new stream
[ 13.954] recv WINDOW_UPDATE frame <length=4, flags=0x00, stream_id=33>
          (window_size_increment=268304384)
[ 13.954] recv (stream_id=35) :method: GET
[ 13.954] recv (stream_id=35) :path: /tests/5.js
[ 13.954] recv (stream_id=35) :authority: blog.summerwind.jp
[ 13.954] recv (stream_id=35) :scheme: https
[ 13.954] recv (stream_id=35) user-agent: Mozilla/5.0 (Macintosh; Intel Mac OS X 10.10; rv:38.0) Gecko/20100101 Firefox/38.0
[ 13.954] recv (stream_id=35) accept: */*
[ 13.954] recv (stream_id=35) accept-language: en-US,en;q=0.5
[ 13.954] recv (stream_id=35) accept-encoding: gzip, deflate
[ 13.954] recv (stream_id=35) referer: https://blog.summerwind.jp/test.html
[ 13.954] recv HEADERS frame <length=23, flags=0x25, stream_id=35>
          ; END_STREAM | END_HEADERS | PRIORITY
          (padlen=0, dep_stream_id=5, weight=32, exclusive=0)
          ; Open new stream
[ 13.955] recv WINDOW_UPDATE frame <length=4, flags=0x00, stream_id=35>
          (window_size_increment=268304384)
[ 13.955] recv (stream_id=37) :method: GET
[ 13.955] recv (stream_id=37) :path: /tests/6.js
[ 13.955] recv (stream_id=37) :authority: blog.summerwind.jp
[ 13.955] recv (stream_id=37) :scheme: https
[ 13.955] recv (stream_id=37) user-agent: Mozilla/5.0 (Macintosh; Intel Mac OS X 10.10; rv:38.0) Gecko/20100101 Firefox/38.0
[ 13.955] recv (stream_id=37) accept: */*
[ 13.955] recv (stream_id=37) accept-language: en-US,en;q=0.5
[ 13.955] recv (stream_id=37) accept-encoding: gzip, deflate
[ 13.955] recv (stream_id=37) referer: https://blog.summerwind.jp/test.html
[ 13.955] recv HEADERS frame <length=23, flags=0x25, stream_id=37>
          ; END_STREAM | END_HEADERS | PRIORITY
          (padlen=0, dep_stream_id=5, weight=32, exclusive=0)
          ; Open new stream
[ 13.955] recv WINDOW_UPDATE frame <length=4, flags=0x00, stream_id=37>
          (window_size_increment=268304384)
[ 13.960] send HEADERS frame <length=70, flags=0x04, stream_id=37>
          ; END_HEADERS
          (padlen=0)
          ; First response header
          :status: 200
          date: Sun, 17 May 2015 13:39:09 GMT
          content-type: application/javascript
          content-length: 96383
          last-modified: Tue, 05 May 2015 12:32:40 GMT
          etag: "5548b868-1787f"
          accept-ranges: bytes
          server: nghttpx nghttp2/1.0.0
          via: 1.1 nghttpx
[ 13.960] send HEADERS frame <length=30, flags=0x04, stream_id=35>
          ; END_HEADERS
          (padlen=0)
          ; First response header
          :status: 200
          date: Sun, 17 May 2015 13:39:09 GMT
          content-type: application/javascript
          content-length: 96383
          last-modified: Tue, 05 May 2015 12:32:40 GMT
          etag: "5548b868-1787f"
          accept-ranges: bytes
          server: nghttpx nghttp2/1.0.0
          via: 1.1 nghttpx
[ 13.960] send HEADERS frame <length=30, flags=0x04, stream_id=33>
          ; END_HEADERS
          (padlen=0)
          ; First response header
          :status: 200
          date: Sun, 17 May 2015 13:39:09 GMT
          content-type: application/javascript
          content-length: 96383
          last-modified: Tue, 05 May 2015 12:32:40 GMT
          etag: "5548b868-1787f"
          accept-ranges: bytes
          server: nghttpx nghttp2/1.0.0
          via: 1.1 nghttpx
[ 13.960] send HEADERS frame <length=62, flags=0x04, stream_id=31>
          ; END_HEADERS
          (padlen=0)
          ; First response header
          :status: 200
          date: Sun, 17 May 2015 13:39:09 GMT
          content-type: image/jpeg
          content-length: 83895
          last-modified: Thu, 09 Apr 2015 14:15:42 GMT
          etag: "5526898e-147b7"
          accept-ranges: bytes
          server: nghttpx nghttp2/1.0.0
          via: 1.1 nghttpx
[ 13.960] send HEADERS frame <length=29, flags=0x04, stream_id=29>
          ; END_HEADERS
          (padlen=0)
          ; First response header
          :status: 200
          date: Sun, 17 May 2015 13:39:09 GMT
          content-type: image/jpeg
          content-length: 22118
          last-modified: Thu, 09 Apr 2015 14:15:42 GMT
          etag: "5526898e-5666"
          accept-ranges: bytes
          server: nghttpx nghttp2/1.0.0
          via: 1.1 nghttpx
[ 13.960] send HEADERS frame <length=29, flags=0x04, stream_id=27>
          ; END_HEADERS
          (padlen=0)
          ; First response header
          :status: 200
          date: Sun, 17 May 2015 13:39:09 GMT
          content-type: image/jpeg
          content-length: 54915
          last-modified: Thu, 09 Apr 2015 14:15:42 GMT
          etag: "5526898e-d683"
          accept-ranges: bytes
          server: nghttpx nghttp2/1.0.0
          via: 1.1 nghttpx
[ 13.960] send HEADERS frame <length=38, flags=0x04, stream_id=15>
          ; END_HEADERS
          (padlen=0)
          ; First response header
          :status: 200
          date: Sun, 17 May 2015 13:39:09 GMT
          content-type: text/css
          content-length: 132504
          last-modified: Tue, 05 May 2015 12:32:40 GMT
          etag: "5548b868-20598"
          accept-ranges: bytes
          server: nghttpx nghttp2/1.0.0
          via: 1.1 nghttpx
[ 13.960] send HEADERS frame <length=31, flags=0x04, stream_id=17>
          ; END_HEADERS
          (padlen=0)
          ; First response header
          :status: 200
          date: Sun, 17 May 2015 13:39:09 GMT
          content-type: text/css
          content-length: 132504
          last-modified: Tue, 05 May 2015 12:32:40 GMT
          etag: "5548b868-20598"
          accept-ranges: bytes
          server: nghttpx nghttp2/1.0.0
          via: 1.1 nghttpx
[ 13.960] send HEADERS frame <length=31, flags=0x04, stream_id=19>
          ; END_HEADERS
          (padlen=0)
          ; First response header
          :status: 200
          date: Sun, 17 May 2015 13:39:09 GMT
          content-type: text/css
          content-length: 132504
          last-modified: Tue, 05 May 2015 12:32:40 GMT
          etag: "5548b868-20598"
          accept-ranges: bytes
          server: nghttpx nghttp2/1.0.0
          via: 1.1 nghttpx
[ 13.960] send HEADERS frame <length=30, flags=0x04, stream_id=21>
          ; END_HEADERS
          (padlen=0)
          ; First response header
          :status: 200
          date: Sun, 17 May 2015 13:39:09 GMT
          content-type: application/javascript
          content-length: 96383
          last-modified: Tue, 05 May 2015 12:32:40 GMT
          etag: "5548b868-1787f"
          accept-ranges: bytes
          server: nghttpx nghttp2/1.0.0
          via: 1.1 nghttpx
[ 13.960] send HEADERS frame <length=30, flags=0x04, stream_id=23>
          ; END_HEADERS
          (padlen=0)
          ; First response header
          :status: 200
          date: Sun, 17 May 2015 13:39:09 GMT
          content-type: application/javascript
          content-length: 96383
          last-modified: Tue, 05 May 2015 12:32:40 GMT
          etag: "5548b868-1787f"
          accept-ranges: bytes
          server: nghttpx nghttp2/1.0.0
          via: 1.1 nghttpx
[ 13.960] send HEADERS frame <length=30, flags=0x04, stream_id=25>
          ; END_HEADERS
          (padlen=0)
          ; First response header
          :status: 200
          date: Sun, 17 May 2015 13:39:09 GMT
          content-type: application/javascript
          content-length: 96383
          last-modified: Tue, 05 May 2015 12:32:40 GMT
          etag: "5548b868-1787f"
          accept-ranges: bytes
          server: nghttpx nghttp2/1.0.0
          via: 1.1 nghttpx
[ 13.960] send DATA frame <length=16384, flags=0x00, stream_id=37>
[ 13.960] send DATA frame <length=16384, flags=0x00, stream_id=35>
[ 13.966] send DATA frame <length=16384, flags=0x00, stream_id=17>
[ 13.966] send DATA frame <length=16384, flags=0x00, stream_id=19>
[ 13.971] send DATA frame <length=16384, flags=0x00, stream_id=21>
[ 13.971] send DATA frame <length=16384, flags=0x00, stream_id=23>
[ 13.975] send DATA frame <length=16384, flags=0x00, stream_id=33>
[ 13.975] send DATA frame <length=16384, flags=0x00, stream_id=25>
[ 13.980] send DATA frame <length=16384, flags=0x00, stream_id=15>
[ 13.980] send DATA frame <length=16384, flags=0x00, stream_id=25>
[ 13.987] send DATA frame <length=7957, flags=0x00, stream_id=15>
[ 13.987] send DATA frame <length=16384, flags=0x00, stream_id=19>
[ 13.989] send DATA frame <length=16384, flags=0x00, stream_id=37>
[ 14.007] send DATA frame <length=16384, flags=0x00, stream_id=17>
[ 14.007] send DATA frame <length=16384, flags=0x00, stream_id=35>
[ 14.011] send DATA frame <length=16384, flags=0x00, stream_id=33>
[ 14.011] send DATA frame <length=16384, flags=0x00, stream_id=21>
[ 14.014] send DATA frame <length=16384, flags=0x00, stream_id=23>
[ 14.015] send DATA frame <length=16384, flags=0x00, stream_id=15>
[ 14.022] send DATA frame <length=7944, flags=0x00, stream_id=23>
[ 14.022] send DATA frame <length=7944, flags=0x00, stream_id=21>
[ 14.022] send DATA frame <length=16384, flags=0x00, stream_id=25>
[ 14.039] send DATA frame <length=16384, flags=0x00, stream_id=37>
[ 14.039] send DATA frame <length=16384, flags=0x00, stream_id=19>
[ 14.045] send DATA frame <length=7944, flags=0x00, stream_id=33>
[ 14.045] send DATA frame <length=16384, flags=0x00, stream_id=17>
[ 14.045] send DATA frame <length=16384, flags=0x00, stream_id=35>
[ 14.048] send DATA frame <length=16384, flags=0x00, stream_id=21>
[ 14.048] send DATA frame <length=16384, flags=0x00, stream_id=23>
[ 14.056] send DATA frame <length=16384, flags=0x00, stream_id=33>
[ 14.056] send DATA frame <length=16384, flags=0x00, stream_id=15>
[ 14.073] send DATA frame <length=7944, flags=0x00, stream_id=35>
[ 14.073] send DATA frame <length=7957, flags=0x00, stream_id=17>
[ 14.073] send DATA frame <length=7944, flags=0x00, stream_id=25>
[ 14.080] send DATA frame <length=7944, flags=0x00, stream_id=37>
[ 14.080] send DATA frame <length=7957, flags=0x00, stream_id=19>
[ 14.082] send DATA frame <length=16384, flags=0x00, stream_id=37>
[ 14.089] send DATA frame <length=16384, flags=0x00, stream_id=35>
[ 14.089] send DATA frame <length=16384, flags=0x00, stream_id=23>
[ 14.091] send DATA frame <length=16384, flags=0x00, stream_id=33>
[ 14.091] send DATA frame <length=16384, flags=0x00, stream_id=25>
[ 14.097] send DATA frame <length=16384, flags=0x00, stream_id=21>
[ 14.097] send DATA frame <length=16384, flags=0x00, stream_id=19>
[ 14.103] send DATA frame <length=16384, flags=0x00, stream_id=15>
[ 14.103] send DATA frame <length=16384, flags=0x00, stream_id=17>
[ 14.106] send DATA frame <length=16384, flags=0x00, stream_id=21>
[ 14.106] send DATA frame <length=16384, flags=0x00, stream_id=35>
[ 14.108] send DATA frame <length=16384, flags=0x00, stream_id=25>
[ 14.108] send DATA frame <length=16384, flags=0x00, stream_id=37>
[ 14.114] send DATA frame <length=16384, flags=0x00, stream_id=23>
[ 14.114] send DATA frame <length=16384, flags=0x00, stream_id=33>
[ 14.116] send DATA frame <length=16384, flags=0x00, stream_id=15>
[ 14.116] send DATA frame <length=16384, flags=0x00, stream_id=17>
[ 14.118] send DATA frame <length=16384, flags=0x00, stream_id=19>
[ 14.118] send DATA frame <length=6519, flags=0x01, stream_id=33>
          ; END_STREAM
[ 14.118] send DATA frame <length=6519, flags=0x01, stream_id=35>
          ; END_STREAM
[ 14.121] send DATA frame <length=6519, flags=0x01, stream_id=23>
          ; END_STREAM
[ 14.121] send DATA frame <length=6519, flags=0x01, stream_id=21>
          ; END_STREAM
[ 14.121] send DATA frame <length=6519, flags=0x01, stream_id=37>
          ; END_STREAM
[ 14.121] send DATA frame <length=6519, flags=0x01, stream_id=25>
          ; END_STREAM
[ 14.121] send DATA frame <length=16384, flags=0x00, stream_id=17>
[ 14.125] send DATA frame <length=16384, flags=0x00, stream_id=19>
[ 14.125] send DATA frame <length=16384, flags=0x00, stream_id=15>
[ 14.130] send DATA frame <length=16384, flags=0x00, stream_id=19>
[ 14.130] send DATA frame <length=16384, flags=0x00, stream_id=15>
[ 14.132] send DATA frame <length=16384, flags=0x00, stream_id=17>
[ 14.132] send DATA frame <length=9859, flags=0x01, stream_id=15>
          ; END_STREAM
[ 14.137] send DATA frame <length=9859, flags=0x01, stream_id=17>
          ; END_STREAM
[ 14.138] send DATA frame <length=9859, flags=0x01, stream_id=19>
          ; END_STREAM
[ 14.138] send DATA frame <length=16384, flags=0x00, stream_id=29>
[ 14.141] send DATA frame <length=16384, flags=0x00, stream_id=27>
[ 14.141] send DATA frame <length=16384, flags=0x00, stream_id=31>
[ 14.144] send DATA frame <length=7957, flags=0x00, stream_id=27>
[ 14.144] send DATA frame <length=7956, flags=0x00, stream_id=31>
[ 14.144] send DATA frame <length=5734, flags=0x01, stream_id=29>
          ; END_STREAM
[ 14.144] send DATA frame <length=16384, flags=0x00, stream_id=31>
[ 14.147] send DATA frame <length=16384, flags=0x00, stream_id=27>
[ 14.147] send DATA frame <length=16384, flags=0x00, stream_id=31>
[ 14.148] send DATA frame <length=14190, flags=0x01, stream_id=27>
          ; END_STREAM
[ 14.148] send DATA frame <length=16384, flags=0x00, stream_id=31>
[ 14.149] send DATA frame <length=10403, flags=0x01, stream_id=31>
          ; END_STREAM
[ 14.325] recv (stream_id=39) :method: GET
[ 14.325] recv (stream_id=39) :path: /favicon.ico
[ 14.325] recv (stream_id=39) :authority: blog.summerwind.jp
[ 14.325] recv (stream_id=39) :scheme: https
[ 14.325] recv (stream_id=39) user-agent: Mozilla/5.0 (Macintosh; Intel Mac OS X 10.10; rv:38.0) Gecko/20100101 Firefox/38.0
[ 14.325] recv (stream_id=39) accept: text/html,application/xhtml+xml,application/xml;q=0.9,*/*;q=0.8
[ 14.325] recv (stream_id=39) accept-language: en-US,en;q=0.5
[ 14.325] recv (stream_id=39) accept-encoding: gzip, deflate
[ 14.325] recv HEADERS frame <length=23, flags=0x25, stream_id=39>
          ; END_STREAM | END_HEADERS | PRIORITY
          (padlen=0, dep_stream_id=11, weight=2, exclusive=0)
          ; Open new stream
[ 14.325] recv WINDOW_UPDATE frame <length=4, flags=0x00, stream_id=39>
          (window_size_increment=268304384)
[ 14.325] send HEADERS frame <length=10, flags=0x04, stream_id=39>
          ; END_HEADERS
          (padlen=0)
          ; First response header
          :status: 404
          date: Sun, 17 May 2015 13:39:09 GMT
          content-type: text/html
          content-length: 162
          server: nghttpx nghttp2/1.0.0
          via: 1.1 nghttpx
[ 14.325] send DATA frame <length=162, flags=0x01, stream_id=39>
          ; END_STREAM